<?xml version="1.0" encoding="UTF-8"?>
<testsuite xmlns:xsi="http://www.w3.org/2001/XMLSchema-instance" xsi:noNamespaceSchemaLocation="https://maven.apache.org/surefire/maven-surefire-plugin/xsd/surefire-test-report.xsd" name="com.example.kamban.educations.CucumberIntegrationTest" time="2.981" tests="3" errors="0" skipped="0" failures="0">
  <properties>
[...]
</properties>
  <testcase name="client makes call to POST /kambaneducations" classname="com.example.kamban.educations.CucumberIntegrationTest" time="2.92"/>
  <testcase name="client makes call to GET /hello" classname="com.example.kamban.educations.CucumberIntegrationTest" time="0.011"/>
  <testcase name="client makes call to GET /version" classname="com.example.kamban.educations.CucumberIntegrationTest" time="0.011"/>
</testsuite>